0 info it worked if it ends with ok
1 verbose cli [ 'node',
1 verbose cli   '/usr/local/bin/npm',
1 verbose cli   'install',
1 verbose cli   'less-plugin-css-clean',
1 verbose cli   '--save-dev' ]
2 info using npm@1.4.28
3 info using node@v0.10.36
4 warn package.json feaw@1.0.0 No repository field.
5 warn package.json feaw@1.0.0 No README data
6 verbose readDependencies using package.json deps
7 verbose cache add [ 'less-plugin-css-clean', null ]
8 verbose cache add name=undefined spec="less-plugin-css-clean" args=["less-plugin-css-clean",null]
9 verbose parsed url { protocol: null,
9 verbose parsed url   slashes: null,
9 verbose parsed url   auth: null,
9 verbose parsed url   host: null,
9 verbose parsed url   port: null,
9 verbose parsed url   hostname: null,
9 verbose parsed url   hash: null,
9 verbose parsed url   search: null,
9 verbose parsed url   query: null,
9 verbose parsed url   pathname: 'less-plugin-css-clean',
9 verbose parsed url   path: 'less-plugin-css-clean',
9 verbose parsed url   href: 'less-plugin-css-clean' }
10 silly lockFile 8772700d-less-plugin-css-clean less-plugin-css-clean
11 verbose lock less-plugin-css-clean /Users/yeezus/.npm/8772700d-less-plugin-css-clean.lock
12 silly lockFile 8772700d-less-plugin-css-clean less-plugin-css-clean
13 silly lockFile 8772700d-less-plugin-css-clean less-plugin-css-clean
14 verbose addNamed [ 'less-plugin-css-clean', '' ]
15 verbose addNamed [ null, '*' ]
16 silly lockFile 3e196c35-less-plugin-css-clean less-plugin-css-clean@
17 verbose lock less-plugin-css-clean@ /Users/yeezus/.npm/3e196c35-less-plugin-css-clean.lock
18 silly addNameRange { name: 'less-plugin-css-clean', range: '*', hasData: false }
19 verbose request where is /less-plugin-css-clean
20 verbose request registry https://registry.npmjs.org/
21 verbose request id c0224045f4038f22
22 verbose url raw /less-plugin-css-clean
23 verbose url resolving [ 'https://registry.npmjs.org/', './less-plugin-css-clean' ]
24 verbose url resolved https://registry.npmjs.org/less-plugin-css-clean
25 verbose request where is https://registry.npmjs.org/less-plugin-css-clean
26 info trying registry request attempt 1 at 17:47:17
27 http GET https://registry.npmjs.org/less-plugin-css-clean
28 http 404 https://registry.npmjs.org/less-plugin-css-clean
29 verbose headers { date: 'Sat, 28 Mar 2015 22:47:18 GMT',
29 verbose headers   server: 'CouchDB/1.5.0 (Erlang OTP/R16B03)',
29 verbose headers   'content-type': 'application/json',
29 verbose headers   'cache-control': 'max-age=0',
29 verbose headers   'content-length': '51',
29 verbose headers   'accept-ranges': 'bytes',
29 verbose headers   via: '1.1 varnish',
29 verbose headers   age: '0',
29 verbose headers   'x-served-by': 'cache-iad2126-IAD',
29 verbose headers   'x-cache': 'MISS',
29 verbose headers   'x-cache-hits': '0',
29 verbose headers   'x-timer': 'S1427582838.252685,VS0,VE17',
29 verbose headers   'keep-alive': 'timeout=10, max=50',
29 verbose headers   connection: 'Keep-Alive' }
30 silly registry.get cb [ 404,
30 silly registry.get   { date: 'Sat, 28 Mar 2015 22:47:18 GMT',
30 silly registry.get     server: 'CouchDB/1.5.0 (Erlang OTP/R16B03)',
30 silly registry.get     'content-type': 'application/json',
30 silly registry.get     'cache-control': 'max-age=0',
30 silly registry.get     'content-length': '51',
30 silly registry.get     'accept-ranges': 'bytes',
30 silly registry.get     via: '1.1 varnish',
30 silly registry.get     age: '0',
30 silly registry.get     'x-served-by': 'cache-iad2126-IAD',
30 silly registry.get     'x-cache': 'MISS',
30 silly registry.get     'x-cache-hits': '0',
30 silly registry.get     'x-timer': 'S1427582838.252685,VS0,VE17',
30 silly registry.get     'keep-alive': 'timeout=10, max=50',
30 silly registry.get     connection: 'Keep-Alive' } ]
31 silly lockFile 3e196c35-less-plugin-css-clean less-plugin-css-clean@
32 silly lockFile 3e196c35-less-plugin-css-clean less-plugin-css-clean@
33 error 404 404 Not Found: less-plugin-css-clean
33 error 404
33 error 404 'less-plugin-css-clean' is not in the npm registry.
33 error 404 You should bug the author to publish it
33 error 404 It was specified as a dependency of 'feaw'
33 error 404
33 error 404 Note that you can also install from a
33 error 404 tarball, folder, or http url, or git url.
34 error System Darwin 14.1.0
35 error command "node" "/usr/local/bin/npm" "install" "less-plugin-css-clean" "--save-dev"
36 error cwd /Users/yeezus/Sites/nemohawk-dev/feaw
37 error node -v v0.10.36
38 error npm -v 1.4.28
39 error code E404
40 verbose exit [ 1, true ]
